<?xml version="1.0" encoding="UTF-8"?>
<!-- Generated by org.testng.reporters.JUnitXMLReporter -->
<testsuite ignored="4" hostname="DESKTOP-EHC392M" failures="0" tests="4" name="Test" time="0.14" errors="0" timestamp="2022-07-16T20:29:06 IST">
  <testcase classname="practice.Q1" name="cemotest" time="0.013"/>
  <testcase classname="practice.Q1" name="demotest" time="0.003"/>
  <testcase classname="practice.P1" name="cemotest" time="0.003"/>
  <testcase classname="practice.P1" name="demotest" time="0.003"/>
  <testcase classname="practice.B1" name="@AfterTest atconfig" time="0.0">
    <ignored/>
  </testcase> <!-- @AfterTest atconfig -->
  <testcase classname="practice.B1" name="@BeforeTest btconfig" time="0.0">
    <ignored/>
  </testcase> <!-- @BeforeTest btconfig -->
  <testcase classname="practice.B1" name="@BeforeSuite bsconfig" time="0.0">
    <ignored/>
  </testcase> <!-- @BeforeSuite bsconfig -->
  <testcase classname="practice.B1" name="@AfterSuite asconfig" time="0.0">
    <ignored/>
  </testcase> <!-- @AfterSuite asconfig -->
</testsuite> <!-- Test -->
