<?xml version="1.0" encoding="UTF-8"?>
<testng-results skipped="0" failed="0" ignored="0" total="1" passed="1">
  <reporter-output>
  </reporter-output>
  <suite name="Default suite" duration-ms="9734" started-at="2022-08-18T23:06:53 IST" finished-at="2022-08-18T23:07:03 IST">
    <groups>
    </groups>
    <test name="Default test" duration-ms="9734" started-at="2022-08-18T23:06:53 IST" finished-at="2022-08-18T23:07:03 IST">
      <class name="practice.B">
        <test-method status="PASS" signature="intialize()[pri:0, instance:practice.B@612fc6eb]" name="intialize" is-config="true" duration-ms="9637" started-at="2022-08-18T23:06:44 IST" finished-at="2022-08-18T23:06:53 IST">
          <reporter-output>
          </reporter-output>
        </test-method> <!-- intialize -->
        <test-method status="PASS" signature="Test()[pri:0, instance:practice.B@612fc6eb]" name="Test" duration-ms="9658" started-at="2022-08-18T23:06:53 IST" finished-at="2022-08-18T23:07:03 IST">
          <reporter-output>
          </reporter-output>
        </test-method> <!-- Test -->
      </class> <!-- practice.B -->
    </test> <!-- Default test -->
  </suite> <!-- Default suite -->
</testng-results>
